[debug] [2023-01-10T05:11:42.991Z] ----------------------------------------------------------------------
[debug] [2023-01-10T05:11:42.993Z] Command:       C:\Program Files\nodejs\node.exe C:\Users\mishr\AppData\Roaming\npm\node_modules\firebase-tools\lib\bin\firebase.js init
[debug] [2023-01-10T05:11:42.994Z] CLI Version:   11.20.0
[debug] [2023-01-10T05:11:42.994Z] Platform:      win32
[debug] [2023-01-10T05:11:42.994Z] Node Version:  v17.7.1
[debug] [2023-01-10T05:11:42.995Z] Time:          Tue Jan 10 2023 10:41:42 GMT+0530 (India Standard Time)
[debug] [2023-01-10T05:11:42.995Z] ----------------------------------------------------------------------
[debug] 
[debug] [2023-01-10T05:11:42.999Z] >>> [apiv2][query] GET https://firebase-public.firebaseio.com/cli.json [none]
[debug] [2023-01-10T05:11:43.087Z] > command requires scopes: ["email","openid","https://www.googleapis.com/auth/cloudplatformprojects.readonly","https://www.googleapis.com/auth/firebase","https://www.googleapis.com/auth/cloud-platform"]
[debug] [2023-01-10T05:11:43.087Z] > authorizing via signed-in user (mishra.ekta57@gmail.com)
[info] 
     ######## #### ########  ######## ########     ###     ######  ########
     ##        ##  ##     ## ##       ##     ##  ##   ##  ##       ##
     ######    ##  ########  ######   ########  #########  ######  ######
     ##        ##  ##    ##  ##       ##     ## ##     ##       ## ##
     ##       #### ##     ## ######## ########  ##     ##  ######  ########

You're about to initialize a Firebase project in this directory:

  E:\next\librarymanagement

[debug] [2023-01-10T05:11:43.713Z] <<< [apiv2][status] GET https://firebase-public.firebaseio.com/cli.json 200
[debug] [2023-01-10T05:11:43.714Z] <<< [apiv2][body] GET https://firebase-public.firebaseio.com/cli.json {"cloudBuildErrorAfter":1594252800000,"cloudBuildWarnAfter":1590019200000,"defaultNode10After":1594252800000,"minVersion":"3.0.5","node8DeploysDisabledAfter":1613390400000,"node8RuntimeDisabledAfter":1615809600000,"node8WarnAfter":1600128000000}
[info] 
=== Project Setup
[info] 
[info] First, let's associate this project directory with a Firebase project.
[info] You can create multiple project aliases by running firebase use --add, 
[info] but for now we'll just set up a default project.
[info] 
[debug] [2023-01-10T05:18:28.281Z] > refreshing access token with scopes: []
[debug] [2023-01-10T05:18:28.283Z] >>> [apiv2][query] POST https://www.googleapis.com/oauth2/v3/token [none]
[debug] [2023-01-10T05:18:28.283Z] >>> [apiv2][body] POST https://www.googleapis.com/oauth2/v3/token [omitted]
[debug] [2023-01-10T05:18:28.443Z] <<< [apiv2][status] POST https://www.googleapis.com/oauth2/v3/token 200
[debug] [2023-01-10T05:18:28.443Z] <<< [apiv2][body] POST https://www.googleapis.com/oauth2/v3/token [omitted]
[debug] [2023-01-10T05:18:28.582Z] >>> [apiv2][query] GET https://firebase.googleapis.com/v1beta1/projects pageSize=100
[debug] [2023-01-10T05:18:29.597Z] <<< [apiv2][status] GET https://firebase.googleapis.com/v1beta1/projects 200
[debug] [2023-01-10T05:18:29.598Z] <<< [apiv2][body] GET https://firebase.googleapis.com/v1beta1/projects [omitted]
[info] i  Don't want to scroll through all your projects? If you know your project ID, you can initialize it directly using firebase init --project <project_id>.
 
[info] i  Using project library-management-syste-66101 (Library Management System) 
[info] 
=== Hosting Setup
[info] 
[info] Your public directory is the folder (relative to your project directory) that
[info] will contain Hosting assets to be uploaded with firebase deploy. If you
[info] have a build process for your assets, use your build's output directory.
[info] 
